2025-11-06 17:17:39.499 [info] Native locator: Refresh started
2025-11-06 17:17:39.911 [info] Skipping ActivatedEnv Detection:  process.env.VSCODE_CLI !== '1'
2025-11-06 17:17:40.130 [info] > conda info --json
2025-11-06 17:17:41.936 [info] > pyenv which python
2025-11-06 17:17:41.936 [info] cwd: .
2025-11-06 17:17:44.124 [info] Python interpreter path: /usr/bin/python3
2025-11-06 17:17:45.495 [info] Native locator: Refresh finished in 14572 ms
2025-11-06 17:17:47.852 [info] Starting Pylance language server.
2025-11-06 18:03:42.538 [info] Native locator: Refresh started
2025-11-06 18:04:01.244 [info] Native locator: Refresh finished in 18737 ms
2025-11-06 18:05:28.522 [info] Discover tests for workspace name: root - uri: /root/Documents/dataPipeline/scripts/FusionEnterprise.py
2025-11-06 18:05:29.217 [info] Send text to terminal: /usr/bin/python3 /root/Documents/dataPipeline/scripts/FusionEnterprise.py
2025-11-06 18:05:42.038 [info] Discover tests for workspace name: root - uri: /root/Documents/dataPipeline/scripts/FusionEnterprise.py
2025-11-06 18:06:31.690 [info] Discover tests for workspace name: root - uri: /root/Documents/dataPipeline/scripts/FusionEnterprise.py
2025-11-06 18:06:44.490 [info] Discover tests for workspace name: root - uri: /root/Documents/dataPipeline/scripts/FusionEnterprise.py
2025-11-06 18:06:58.893 [info] Discover tests for workspace name: root - uri: /root/Documents/dataPipeline/scripts/FusionEnterprise.py
2025-11-06 18:15:06.531 [info] Discover tests for workspace name: root - uri: /root/Documents/dataPipeline/scripts/FusionEnterprise.py
2025-11-06 18:15:11.384 [info] Discover tests for workspace name: root - uri: /root/Documents/dataPipeline/scripts/FusionEnterprise.py
2025-11-06 18:17:27.332 [info] Discover tests for workspace name: root - uri: /root/Documents/dataPipeline/scripts/FusionEnterprise.py
2025-11-06 18:22:13.058 [info] Discover tests for workspace name: root - uri: /root/Documents/dataPipeline/scripts/FusionEnterprise.py
2025-11-06 18:22:48.064 [info] Discover tests for workspace name: root - uri: /root/Documents/dataPipeline/scripts/FusionEnterprise.py
2025-11-06 18:23:05.956 [info] Discover tests for workspace name: root - uri: /root/Documents/dataPipeline/scripts/FusionEnterprise.py
2025-11-06 18:24:28.797 [info] Discover tests for workspace name: root - uri: /root/Documents/dataPipeline/scripts/FusionEnterprise.py
2025-11-06 18:25:01.579 [info] Discover tests for workspace name: root - uri: /root/Documents/dataPipeline/scripts/FusionEnterprise.py
2025-11-06 18:25:15.965 [info] Discover tests for workspace name: root - uri: /root/Documents/dataPipeline/scripts/FusionEnterprise.py
2025-11-06 18:31:17.255 [info] Discover tests for workspace name: root - uri: /root/Documents/dataPipeline/scripts/FusionEnterprise.py
2025-11-06 18:32:11.670 [info] Discover tests for workspace name: root - uri: /root/Documents/dataPipeline/scripts/FusionEnterprise.py
2025-11-06 18:33:01.312 [info] Discover tests for workspace name: root - uri: /root/Documents/dataPipeline/scripts/FusionEnterprise.py
2025-11-06 18:33:51.082 [info] Discover tests for workspace name: root - uri: /root/Documents/dataPipeline/scripts/FusionEnterprise.py
2025-11-06 18:36:25.988 [info] Discover tests for workspace name: root - uri: /root/Documents/dataPipeline/scripts/FusionEnterprise.py
2025-11-06 20:07:56.241 [info] Discover tests for workspace name: root - uri: /root/Documents/dataPipeline/scripts/FusionEnterprise.py
2025-11-06 20:15:45.035 [info] Discover tests for workspace name: root - uri: /root/Documents/dataPipeline/scripts/FusionEnterprise.py
