Visual Studio Code (1.105.1, wsl, desktop)
Jupyter Extension Version: 2025.9.1.
Python Extension Version: 2025.16.0.
Python Environment Extension Version: 1.10.0.
Pylance Extension Version: 2025.9.1.
Platform: linux (x64).
Home = /root
Temp Storage folder ~/.vscode-server/data/User/globalStorage/ms-toolsai.jupyter/version-2025.9.1
Workspace folder /root
10:57:27.246 [info] Starting Kernel (Python Path: /bin/python3, Unknown, 3.10.12) for '~/Documents/dataPipeline/notebooks/exploracao.ipynb' (disableUI=false)
10:57:27.686 [warn] Failed to get activated env vars for /bin/python3 in 525ms
10:57:27.719 [info] Process Execution: /bin/python3 -c "import site;print("USER_BASE_VALUE");print(site.USER_BASE);print("USER_BASE_VALUE");"
10:57:27.732 [warn] Failed to get activated env vars for /bin/python3 in 403ms
10:57:27.889 [info] Process Execution: /bin/python3 -m pip list
10:57:27.912 [info] Process Execution: /bin/python3 -c "import ipykernel; print(ipykernel.__version__); print("5dc3a68c-e34e-4080-9c3e-2a532b2ccb4d"); print(ipykernel.__file__)"
10:57:27.951 [warn] Failed to get activated env vars for /bin/python3 in 186ms
10:57:27.980 [info] Process Execution: /bin/python3 -m ipykernel_launcher --f=/run/user/0/jupyter/runtime/kernel-v3d50a105501f6b89fc7b5098393b79c8d88d5f6c0.json
    > cwd: ~/Documents/dataPipeline/notebooks
10:57:28.075 [error] Disposing kernel process due to an error Error: The kernel died. Error: /bin/python3: No module named ipykernel_launcher... View Jupyter [log](command:jupyter.viewOutput) for further details.
    > Kernel Id = .jvsc74a57bd0916dbcbb3f70747c44a77c7bcd40155683ae19c65e1c03b4aa3499c5328201f1./bin/python3./bin/python3.-m#ipykernel_launcher
    > Interpreter Id = /bin/python3
    > at ChildProcess.<anonymous> (~/.vscode-server/extensions/ms-toolsai.jupyter-2025.9.1-linux-x64/dist/extension.node.js:304:45805)
    > stdErr = /bin/python3: No module named ipykernel_launcher
10:57:28.089 [error] Failed to connect raw kernel session: Error: The kernel died. Error: /bin/python3: No module named ipykernel_launcher... View Jupyter [log](command:jupyter.viewOutput) for further details.
10:57:28.090 [error] Failed to connect raw kernel session: Error: The kernel died. Error: /bin/python3: No module named ipykernel_launcher... View Jupyter [log](command:jupyter.viewOutput) for further details.
10:57:28.093 [warn] Failed to shutdown kernel, .jvsc74a57bd0916dbcbb3f70747c44a77c7bcd40155683ae19c65e1c03b4aa3499c5328201f1./bin/python3./bin/python3.-m#ipykernel_launcher TypeError: Cannot read properties of undefined (reading 'dispose')
    at JT.shutdown (~/.vscode-server/extensions/ms-toolsai.jupyter-2025.9.1-linux-x64/dist/extension.node.js:309:13632)
    at processTicksAndRejections (node:internal/process/task_queues:105:5)
    at qT.shutdown (~/.vscode-server/extensions/ms-toolsai.jupyter-2025.9.1-linux-x64/dist/extension.node.js:309:22453)
10:57:28.102 [warn] Error occurred while trying to start the kernel, options.disableUI=false Error: The kernel died. Error: /bin/python3: No module named ipykernel_launcher... View Jupyter [log](command:jupyter.viewOutput) for further details.
    > Kernel Id = .jvsc74a57bd0916dbcbb3f70747c44a77c7bcd40155683ae19c65e1c03b4aa3499c5328201f1./bin/python3./bin/python3.-m#ipykernel_launcher
    > Interpreter Id = /bin/python3
    > at ChildProcess.<anonymous> (~/.vscode-server/extensions/ms-toolsai.jupyter-2025.9.1-linux-x64/dist/extension.node.js:304:45805)
    > stdErr = /bin/python3: No module named ipykernel_launcher
10:57:28.105 [warn] Kernel Error, context = start Error: The kernel died. Error: /bin/python3: No module named ipykernel_launcher... View Jupyter [log](command:jupyter.viewOutput) for further details.
    > Kernel Id = .jvsc74a57bd0916dbcbb3f70747c44a77c7bcd40155683ae19c65e1c03b4aa3499c5328201f1./bin/python3./bin/python3.-m#ipykernel_launcher
    > Interpreter Id = /bin/python3
    > at ChildProcess.<anonymous> (~/.vscode-server/extensions/ms-toolsai.jupyter-2025.9.1-linux-x64/dist/extension.node.js:304:45805)
    > stdErr = /bin/python3: No module named ipykernel_launcher
10:57:28.199 [warn] Failed to get activated env vars for /bin/python3 in 71ms
10:57:28.226 [info] Process Execution: /bin/python3 -c "import ipykernel;print('6af208d0-cb9c-427f-b937-ff563e17efdf')"
10:57:28.767 [info] Check & install missing Kernel dependencies for /bin/python3, ui.disabled=false for resource '~/Documents/dataPipeline/notebooks/exploracao.ipynb'
10:57:28.791 [info] Process Execution: /bin/python3 -c "import ipykernel;print('6af208d0-cb9c-427f-b937-ff563e17efdf')"
10:57:29.389 [info] Process Execution: /bin/python3 -c "import pip;print('6af208d0-cb9c-427f-b937-ff563e17efdf')"
10:57:33.150 [info] Process Execution: /bin/python3 -c "import pip;print('6af208d0-cb9c-427f-b937-ff563e17efdf')"
10:57:33.304 [info] Process Execution: /bin/python3 -m pip install -U --user ipykernel
10:57:57.998 [info] Process Execution: /bin/python3 -c "import ipykernel;print('6af208d0-cb9c-427f-b937-ff563e17efdf')"
10:57:58.794 [info] Dispose Kernel '~/Documents/dataPipeline/notebooks/exploracao.ipynb' associated with '~/Documents/dataPipeline/notebooks/exploracao.ipynb'
10:57:58.817 [info] Process Execution: /bin/python3 -m pip list
10:57:58.819 [info] Starting Kernel (Python Path: /bin/python3, Unknown, 3.10.12) for '~/Documents/dataPipeline/notebooks/exploracao.ipynb' (disableUI=false)
10:57:58.851 [info] Process Execution: /bin/python3 -c "import ipykernel; print(ipykernel.__version__); print("5dc3a68c-e34e-4080-9c3e-2a532b2ccb4d"); print(ipykernel.__file__)"
10:57:58.927 [info] Process Execution: /bin/python3 -m ipykernel_launcher --f=/run/user/0/jupyter/runtime/kernel-v32e32bf76d2d4d5e9dbb47f4c224f1cfc11ae44f7.json
    > cwd: ~/Documents/dataPipeline/notebooks
10:58:00.614 [info] Kernel successfully started
10:58:03.513 [warn] Cell completed with errors Iu [Error]: dict contains fields not in fieldnames: 'Preço', 'Estoque', 'Data Venda', 'Categoria'
    at n.execute (~/.vscode-server/extensions/ms-toolsai.jupyter-2025.9.1-linux-x64/dist/extension.node.js:302:4958) {
  ename: 'ValueError',
  evalue: "dict contains fields not in fieldnames: 'Preço', 'Estoque', 'Data Venda', 'Categoria'",
  traceback: [
    '\x1B[0;31m---------------------------------------------------------------------------\x1B[0m',
    '\x1B[0;31mValueError\x1B[0m                                Traceback (most recent call last)',
    'Cell \x1B[0;32mIn[45], line 10\x1B[0m\n' +
      '\x1B[1;32m      7\x1B[0m \x1B[38;5;66;03m#writeheader() -> Responsável por escrever o cabeçalho no arquivo CSV\x1B[39;00m\n' +
      '\x1B[1;32m      9\x1B[0m \x1B[38;5;28;01mfor\x1B[39;00m row \x1B[38;5;129;01min\x1B[39;00m combinedDataList:\n' +
      '\x1B[0;32m---> 10\x1B[0m     \x1B[43mwriter\x1B[49m\x1B[38;5;241;43m.\x1B[39;49m\x1B[43mwriterow\x1B[49m\x1B[43m(\x1B[49m\x1B[43mrow\x1B[49m\x1B[43m)\x1B[49m\n' +
      '\x1B[1;32m     11\x1B[0m     \x1B[38;5;66;03m#WriteRow() -> Responsável por escrever cada linha do arquivo CSV\x1B[39;00m\n',
    'File \x1B[0;32m/usr/lib/python3.10/csv.py:154\x1B[0m, in \x1B[0;36mDictWriter.writerow\x1B[0;34m(self, rowdict)\x1B[0m\n' +
      '\x1B[1;32m    153\x1B[0m \x1B[38;5;28;01mdef\x1B[39;00m\x1B[38;5;250m \x1B[39m\x1B[38;5;21mwriterow\x1B[39m(\x1B[38;5;28mself\x1B[39m, rowdict):\n' +
      '\x1B[0;32m--> 154\x1B[0m     \x1B[38;5;28;01mreturn\x1B[39;00m \x1B[38;5;28mself\x1B[39m\x1B[38;5;241m.\x1B[39mwriter\x1B[38;5;241m.\x1B[39mwriterow(\x1B[38;5;28;43mself\x1B[39;49m\x1B[38;5;241;43m.\x1B[39;49m\x1B[43m_dict_to_list\x1B[49m\x1B[43m(\x1B[49m\x1B[43mrowdict\x1B[49m\x1B[43m)\x1B[49m)\n',
    'File \x1B[0;32m/usr/lib/python3.10/csv.py:149\x1B[0m, in \x1B[0;36mDictWriter._dict_to_list\x1B[0;34m(self, rowdict)\x1B[0m\n' +
      '\x1B[1;32m    147\x1B[0m     wrong_fields \x1B[38;5;241m=\x1B[39m rowdict\x1B[38;5;241m.\x1B[39mkeys() \x1B[38;5;241m-\x1B[39m \x1B[38;5;28mself\x1B[39m\x1B[38;5;241m.\x1B[39mfieldnames\n' +
      '\x1B[1;32m    148\x1B[0m     \x1B[38;5;28;01mif\x1B[39;00m wrong_fields:\n' +
      '\x1B[0;32m--> 149\x1B[0m         \x1B[38;5;28;01mraise\x1B[39;00m \x1B[38;5;167;01mValueError\x1B[39;00m(\x1B[38;5;124m"\x1B[39m\x1B[38;5;124mdict contains fields not in fieldnames: \x1B[39m\x1B[38;5;124m"\x1B[39m\n' +
      '\x1B[1;32m    150\x1B[0m                          \x1B[38;5;241m+\x1B[39m \x1B[38;5;124m"\x1B[39m\x1B[38;5;124m, \x1B[39m\x1B[38;5;124m"\x1B[39m\x1B[38;5;241m.\x1B[39mjoin([\x1B[38;5;28mrepr\x1B[39m(x) \x1B[38;5;28;01mfor\x1B[39;00m x \x1B[38;5;129;01min\x1B[39;00m wrong_fields]))\n' +
      '\x1B[1;32m    151\x1B[0m \x1B[38;5;28;01mreturn\x1B[39;00m (rowdict\x1B[38;5;241m.\x1B[39mget(key, \x1B[38;5;28mself\x1B[39m\x1B[38;5;241m.\x1B[39mrestval) \x1B[38;5;28;01mfor\x1B[39;00m key \x1B[38;5;129;01min\x1B[39;00m \x1B[38;5;28mself\x1B[39m\x1B[38;5;241m.\x1B[39mfieldnames)\n',
    "\x1B[0;31mValueError\x1B[0m: dict contains fields not in fieldnames: 'Preço', 'Estoque', 'Data Venda', 'Categoria'"
  ]
}
10:58:03.519 [warn] Cancel all remaining cells due to cancellation or failure in execution
10:58:11.711 [warn] Cell completed with errors Iu [Error]: dict contains fields not in fieldnames: 'Preço', 'Estoque', 'Data Venda', 'Categoria'
    at n.execute (~/.vscode-server/extensions/ms-toolsai.jupyter-2025.9.1-linux-x64/dist/extension.node.js:302:4958) {
  ename: 'ValueError',
  evalue: "dict contains fields not in fieldnames: 'Preço', 'Estoque', 'Data Venda', 'Categoria'",
  traceback: [
    '\x1B[0;31m---------------------------------------------------------------------------\x1B[0m',
    '\x1B[0;31mValueError\x1B[0m                                Traceback (most recent call last)',
    'Cell \x1B[0;32mIn[90], line 10\x1B[0m\n' +
      '\x1B[1;32m      7\x1B[0m \x1B[38;5;66;03m#writeheader() -> Responsável por escrever o cabeçalho no arquivo CSV\x1B[39;00m\n' +
      '\x1B[1;32m      9\x1B[0m \x1B[38;5;28;01mfor\x1B[39;00m row \x1B[38;5;129;01min\x1B[39;00m combinedDataList:\n' +
      '\x1B[0;32m---> 10\x1B[0m     \x1B[43mwriter\x1B[49m\x1B[38;5;241;43m.\x1B[39;49m\x1B[43mwriterow\x1B[49m\x1B[43m(\x1B[49m\x1B[43mrow\x1B[49m\x1B[43m)\x1B[49m\n' +
      '\x1B[1;32m     11\x1B[0m     \x1B[38;5;66;03m#WriteRow() -> Responsável por escrever cada linha do arquivo CSV\x1B[39;00m\n',
    'File \x1B[0;32m/usr/lib/python3.10/csv.py:154\x1B[0m, in \x1B[0;36mDictWriter.writerow\x1B[0;34m(self, rowdict)\x1B[0m\n' +
      '\x1B[1;32m    153\x1B[0m \x1B[38;5;28;01mdef\x1B[39;00m\x1B[38;5;250m \x1B[39m\x1B[38;5;21mwriterow\x1B[39m(\x1B[38;5;28mself\x1B[39m, rowdict):\n' +
      '\x1B[0;32m--> 154\x1B[0m     \x1B[38;5;28;01mreturn\x1B[39;00m \x1B[38;5;28mself\x1B[39m\x1B[38;5;241m.\x1B[39mwriter\x1B[38;5;241m.\x1B[39mwriterow(\x1B[38;5;28;43mself\x1B[39;49m\x1B[38;5;241;43m.\x1B[39;49m\x1B[43m_dict_to_list\x1B[49m\x1B[43m(\x1B[49m\x1B[43mrowdict\x1B[49m\x1B[43m)\x1B[49m)\n',
    'File \x1B[0;32m/usr/lib/python3.10/csv.py:149\x1B[0m, in \x1B[0;36mDictWriter._dict_to_list\x1B[0;34m(self, rowdict)\x1B[0m\n' +
      '\x1B[1;32m    147\x1B[0m     wrong_fields \x1B[38;5;241m=\x1B[39m rowdict\x1B[38;5;241m.\x1B[39mkeys() \x1B[38;5;241m-\x1B[39m \x1B[38;5;28mself\x1B[39m\x1B[38;5;241m.\x1B[39mfieldnames\n' +
      '\x1B[1;32m    148\x1B[0m     \x1B[38;5;28;01mif\x1B[39;00m wrong_fields:\n' +
      '\x1B[0;32m--> 149\x1B[0m         \x1B[38;5;28;01mraise\x1B[39;00m \x1B[38;5;167;01mValueError\x1B[39;00m(\x1B[38;5;124m"\x1B[39m\x1B[38;5;124mdict contains fields not in fieldnames: \x1B[39m\x1B[38;5;124m"\x1B[39m\n' +
      '\x1B[1;32m    150\x1B[0m                          \x1B[38;5;241m+\x1B[39m \x1B[38;5;124m"\x1B[39m\x1B[38;5;124m, \x1B[39m\x1B[38;5;124m"\x1B[39m\x1B[38;5;241m.\x1B[39mjoin([\x1B[38;5;28mrepr\x1B[39m(x) \x1B[38;5;28;01mfor\x1B[39;00m x \x1B[38;5;129;01min\x1B[39;00m wrong_fields]))\n' +
      '\x1B[1;32m    151\x1B[0m \x1B[38;5;28;01mreturn\x1B[39;00m (rowdict\x1B[38;5;241m.\x1B[39mget(key, \x1B[38;5;28mself\x1B[39m\x1B[38;5;241m.\x1B[39mrestval) \x1B[38;5;28;01mfor\x1B[39;00m key \x1B[38;5;129;01min\x1B[39;00m \x1B[38;5;28mself\x1B[39m\x1B[38;5;241m.\x1B[39mfieldnames)\n',
    "\x1B[0;31mValueError\x1B[0m: dict contains fields not in fieldnames: 'Preço', 'Estoque', 'Data Venda', 'Categoria'"
  ]
}
10:58:11.720 [warn] Cancel all remaining cells due to cancellation or failure in execution
11:04:25.350 [warn] Cell completed with errors Iu [Error]: name 'tableDataCombined' is not defined
    at n.execute (~/.vscode-server/extensions/ms-toolsai.jupyter-2025.9.1-linux-x64/dist/extension.node.js:302:4958) {
  ename: 'NameError',
  evalue: "name 'tableDataCombined' is not defined",
  traceback: [
    '\x1B[0;31m---------------------------------------------------------------------------\x1B[0m',
    '\x1B[0;31mNameError\x1B[0m                                 Traceback (most recent call last)',
    'Cell \x1B[0;32mIn[93], line 1\x1B[0m\n' +
      '\x1B[0;32m----> 1\x1B[0m \x1B[43mtableDataCombined\x1B[49m\n',
    "\x1B[0;31mNameError\x1B[0m: name 'tableDataCombined' is not defined"
  ]
}
11:04:33.787 [warn] Cell completed with errors Iu [Error]: name 'tableDataCombined' is not defined
    at n.execute (~/.vscode-server/extensions/ms-toolsai.jupyter-2025.9.1-linux-x64/dist/extension.node.js:302:4958) {
  ename: 'NameError',
  evalue: "name 'tableDataCombined' is not defined",
  traceback: [
    '\x1B[0;31m---------------------------------------------------------------------------\x1B[0m',
    '\x1B[0;31mNameError\x1B[0m                                 Traceback (most recent call last)',
    'Cell \x1B[0;32mIn[94], line 1\x1B[0m\n' +
      '\x1B[0;32m----> 1\x1B[0m \x1B[43mtableDataCombined\x1B[49m[\x1B[38;5;241m0\x1B[39m]\n',
    "\x1B[0;31mNameError\x1B[0m: name 'tableDataCombined' is not defined"
  ]
}
11:04:54.346 [warn] Cell completed with errors Iu [Error]: dict contains fields not in fieldnames: 'Preço', 'Estoque', 'Data Venda', 'Categoria'
    at n.execute (~/.vscode-server/extensions/ms-toolsai.jupyter-2025.9.1-linux-x64/dist/extension.node.js:302:4958) {
  ename: 'ValueError',
  evalue: "dict contains fields not in fieldnames: 'Preço', 'Estoque', 'Data Venda', 'Categoria'",
  traceback: [
    '\x1B[0;31m---------------------------------------------------------------------------\x1B[0m',
    '\x1B[0;31mValueError\x1B[0m                                Traceback (most recent call last)',
    'Cell \x1B[0;32mIn[139], line 10\x1B[0m\n' +
      '\x1B[1;32m      7\x1B[0m \x1B[38;5;66;03m#writeheader() -> Responsável por escrever o cabeçalho no arquivo CSV\x1B[39;00m\n' +
      '\x1B[1;32m      9\x1B[0m \x1B[38;5;28;01mfor\x1B[39;00m row \x1B[38;5;129;01min\x1B[39;00m combinedDataList:\n' +
      '\x1B[0;32m---> 10\x1B[0m     \x1B[43mwriter\x1B[49m\x1B[38;5;241;43m.\x1B[39;49m\x1B[43mwriterow\x1B[49m\x1B[43m(\x1B[49m\x1B[43mrow\x1B[49m\x1B[43m)\x1B[49m\n' +
      '\x1B[1;32m     11\x1B[0m     \x1B[38;5;66;03m#WriteRow() -> Responsável por escrever cada linha do arquivo CSV\x1B[39;00m\n',
    'File \x1B[0;32m/usr/lib/python3.10/csv.py:154\x1B[0m, in \x1B[0;36mDictWriter.writerow\x1B[0;34m(self, rowdict)\x1B[0m\n' +
      '\x1B[1;32m    153\x1B[0m \x1B[38;5;28;01mdef\x1B[39;00m\x1B[38;5;250m \x1B[39m\x1B[38;5;21mwriterow\x1B[39m(\x1B[38;5;28mself\x1B[39m, rowdict):\n' +
      '\x1B[0;32m--> 154\x1B[0m     \x1B[38;5;28;01mreturn\x1B[39;00m \x1B[38;5;28mself\x1B[39m\x1B[38;5;241m.\x1B[39mwriter\x1B[38;5;241m.\x1B[39mwriterow(\x1B[38;5;28;43mself\x1B[39;49m\x1B[38;5;241;43m.\x1B[39;49m\x1B[43m_dict_to_list\x1B[49m\x1B[43m(\x1B[49m\x1B[43mrowdict\x1B[49m\x1B[43m)\x1B[49m)\n',
    'File \x1B[0;32m/usr/lib/python3.10/csv.py:149\x1B[0m, in \x1B[0;36mDictWriter._dict_to_list\x1B[0;34m(self, rowdict)\x1B[0m\n' +
      '\x1B[1;32m    147\x1B[0m     wrong_fields \x1B[38;5;241m=\x1B[39m rowdict\x1B[38;5;241m.\x1B[39mkeys() \x1B[38;5;241m-\x1B[39m \x1B[38;5;28mself\x1B[39m\x1B[38;5;241m.\x1B[39mfieldnames\n' +
      '\x1B[1;32m    148\x1B[0m     \x1B[38;5;28;01mif\x1B[39;00m wrong_fields:\n' +
      '\x1B[0;32m--> 149\x1B[0m         \x1B[38;5;28;01mraise\x1B[39;00m \x1B[38;5;167;01mValueError\x1B[39;00m(\x1B[38;5;124m"\x1B[39m\x1B[38;5;124mdict contains fields not in fieldnames: \x1B[39m\x1B[38;5;124m"\x1B[39m\n' +
      '\x1B[1;32m    150\x1B[0m                          \x1B[38;5;241m+\x1B[39m \x1B[38;5;124m"\x1B[39m\x1B[38;5;124m, \x1B[39m\x1B[38;5;124m"\x1B[39m\x1B[38;5;241m.\x1B[39mjoin([\x1B[38;5;28mrepr\x1B[39m(x) \x1B[38;5;28;01mfor\x1B[39;00m x \x1B[38;5;129;01min\x1B[39;00m wrong_fields]))\n' +
      '\x1B[1;32m    151\x1B[0m \x1B[38;5;28;01mreturn\x1B[39;00m (rowdict\x1B[38;5;241m.\x1B[39mget(key, \x1B[38;5;28mself\x1B[39m\x1B[38;5;241m.\x1B[39mrestval) \x1B[38;5;28;01mfor\x1B[39;00m key \x1B[38;5;129;01min\x1B[39;00m \x1B[38;5;28mself\x1B[39m\x1B[38;5;241m.\x1B[39mfieldnames)\n',
    "\x1B[0;31mValueError\x1B[0m: dict contains fields not in fieldnames: 'Preço', 'Estoque', 'Data Venda', 'Categoria'"
  ]
}
11:04:54.355 [warn] Cancel all remaining cells due to cancellation or failure in execution
11:12:43.421 [warn] Cell completed with errors Iu [Error]: '_csv.writer' object has no attribute 'writeheader'
    at n.execute (~/.vscode-server/extensions/ms-toolsai.jupyter-2025.9.1-linux-x64/dist/extension.node.js:302:4958) {
  ename: 'AttributeError',
  evalue: "'_csv.writer' object has no attribute 'writeheader'",
  traceback: [
    '\x1B[0;31m---------------------------------------------------------------------------\x1B[0m',
    '\x1B[0;31mAttributeError\x1B[0m                            Traceback (most recent call last)',
    'Cell \x1B[0;32mIn[147], line 6\x1B[0m\n' +
      '\x1B[1;32m      4\x1B[0m writer \x1B[38;5;241m=\x1B[39m csv\x1B[38;5;241m.\x1B[39mwriter(file)\n' +
      '\x1B[1;32m      5\x1B[0m \x1B[38;5;28;01mfor\x1B[39;00m row \x1B[38;5;129;01min\x1B[39;00m tableDataCombined:\n' +
      '\x1B[0;32m----> 6\x1B[0m     \x1B[43mwriter\x1B[49m\x1B[38;5;241;43m.\x1B[39;49m\x1B[43mwriteheader\x1B[49m(row)\n',
    "\x1B[0;31mAttributeError\x1B[0m: '_csv.writer' object has no attribute 'writeheader'"
  ]
}
11:14:14.971 [warn] Cell completed with errors Iu [Error]: '_csv.writer' object has no attribute 'writeheder'
    at n.execute (~/.vscode-server/extensions/ms-toolsai.jupyter-2025.9.1-linux-x64/dist/extension.node.js:302:4958) {
  ename: 'AttributeError',
  evalue: "'_csv.writer' object has no attribute 'writeheder'",
  traceback: [
    '\x1B[0;31m---------------------------------------------------------------------------\x1B[0m',
    '\x1B[0;31mAttributeError\x1B[0m                            Traceback (most recent call last)',
    'Cell \x1B[0;32mIn[148], line 6\x1B[0m\n' +
      "\x1B[1;32m      3\x1B[0m \x1B[38;5;28;01mwith\x1B[39;00m \x1B[38;5;28mopen\x1B[39m(dataProcessed, \x1B[38;5;124m'\x1B[39m\x1B[38;5;124mw\x1B[39m\x1B[38;5;124m'\x1B[39m)\x1B[38;5;28;01mas\x1B[39;00m file:\n" +
      '\x1B[1;32m      4\x1B[0m     writer \x1B[38;5;241m=\x1B[39m csv\x1B[38;5;241m.\x1B[39mwriter(file)\n' +
      '\x1B[0;32m----> 6\x1B[0m     \x1B[43mwriter\x1B[49m\x1B[38;5;241;43m.\x1B[39;49m\x1B[43mwriteheder\x1B[49m()\n' +
      '\x1B[1;32m      8\x1B[0m     \x1B[38;5;28;01mfor\x1B[39;00m row \x1B[38;5;129;01min\x1B[39;00m tableDataCombined:\n' +
      '\x1B[1;32m      9\x1B[0m         writer\x1B[38;5;241m.\x1B[39mwriteheader(row)\n',
    "\x1B[0;31mAttributeError\x1B[0m: '_csv.writer' object has no attribute 'writeheder'"
  ]
}
11:14:22.467 [warn] Cell completed with errors Iu [Error]: unindent does not match any outer indentation level (<tokenize>, line 6)
    at n.execute (~/.vscode-server/extensions/ms-toolsai.jupyter-2025.9.1-linux-x64/dist/extension.node.js:302:4958) {
  ename: 'IndentationError',
  evalue: 'unindent does not match any outer indentation level (<tokenize>, line 6)',
  traceback: [
    '\x1B[0;36m  File \x1B[0;32m<tokenize>:6\x1B[0;36m\x1B[0m\n' +
      '\x1B[0;31m    writer.writeheader()\x1B[0m\n' +
      '\x1B[0m    ^\x1B[0m\n' +
      '\x1B[0;31mIndentationError\x1B[0m\x1B[0;31m:\x1B[0m unindent does not match any outer indentation level\n'
  ]
}
11:15:00.350 [warn] Cell completed with errors Iu [Error]: '_csv.writer' object has no attribute 'writeheader'
    at n.execute (~/.vscode-server/extensions/ms-toolsai.jupyter-2025.9.1-linux-x64/dist/extension.node.js:302:4958) {
  ename: 'AttributeError',
  evalue: "'_csv.writer' object has no attribute 'writeheader'",
  traceback: [
    '\x1B[0;31m---------------------------------------------------------------------------\x1B[0m',
    '\x1B[0;31mAttributeError\x1B[0m                            Traceback (most recent call last)',
    'Cell \x1B[0;32mIn[151], line 6\x1B[0m\n' +
      "\x1B[1;32m      3\x1B[0m \x1B[38;5;28;01mwith\x1B[39;00m \x1B[38;5;28mopen\x1B[39m(dataProcessed, \x1B[38;5;124m'\x1B[39m\x1B[38;5;124mw\x1B[39m\x1B[38;5;124m'\x1B[39m)\x1B[38;5;28;01mas\x1B[39;00m file:\n" +
      '\x1B[1;32m      4\x1B[0m     writer \x1B[38;5;241m=\x1B[39m csv\x1B[38;5;241m.\x1B[39mwriter(file)\n' +
      '\x1B[0;32m----> 6\x1B[0m     \x1B[43mwriter\x1B[49m\x1B[38;5;241;43m.\x1B[39;49m\x1B[43mwriteheader\x1B[49m()\n' +
      '\x1B[1;32m      8\x1B[0m     \x1B[38;5;28;01mfor\x1B[39;00m row \x1B[38;5;129;01min\x1B[39;00m tableDataCombined:\n' +
      '\x1B[1;32m      9\x1B[0m         writer\x1B[38;5;241m.\x1B[39mwriterow(row)\n',
    "\x1B[0;31mAttributeError\x1B[0m: '_csv.writer' object has no attribute 'writeheader'"
  ]
}
11:40:45.937 [warn] Cell completed with errors Iu [Error]: dict contains fields not in fieldnames: 'Preço', 'Estoque', 'Data Venda', 'Categoria'
    at n.execute (~/.vscode-server/extensions/ms-toolsai.jupyter-2025.9.1-linux-x64/dist/extension.node.js:302:4958) {
  ename: 'ValueError',
  evalue: "dict contains fields not in fieldnames: 'Preço', 'Estoque', 'Data Venda', 'Categoria'",
  traceback: [
    '\x1B[0;31m---------------------------------------------------------------------------\x1B[0m',
    '\x1B[0;31mValueError\x1B[0m                                Traceback (most recent call last)',
    'Cell \x1B[0;32mIn[196], line 10\x1B[0m\n' +
      '\x1B[1;32m      7\x1B[0m \x1B[38;5;66;03m#writeheader() -> Responsável por escrever o cabeçalho no arquivo CSV\x1B[39;00m\n' +
      '\x1B[1;32m      9\x1B[0m \x1B[38;5;28;01mfor\x1B[39;00m row \x1B[38;5;129;01min\x1B[39;00m combinedDataList:\n' +
      '\x1B[0;32m---> 10\x1B[0m     \x1B[43mwriter\x1B[49m\x1B[38;5;241;43m.\x1B[39;49m\x1B[43mwriterow\x1B[49m\x1B[43m(\x1B[49m\x1B[43mrow\x1B[49m\x1B[43m)\x1B[49m\n' +
      '\x1B[1;32m     11\x1B[0m     \x1B[38;5;66;03m#WriteRow() -> Responsável por escrever cada linha do arquivo CSV\x1B[39;00m\n',
    'File \x1B[0;32m/usr/lib/python3.10/csv.py:154\x1B[0m, in \x1B[0;36mDictWriter.writerow\x1B[0;34m(self, rowdict)\x1B[0m\n' +
      '\x1B[1;32m    153\x1B[0m \x1B[38;5;28;01mdef\x1B[39;00m\x1B[38;5;250m \x1B[39m\x1B[38;5;21mwriterow\x1B[39m(\x1B[38;5;28mself\x1B[39m, rowdict):\n' +
      '\x1B[0;32m--> 154\x1B[0m     \x1B[38;5;28;01mreturn\x1B[39;00m \x1B[38;5;28mself\x1B[39m\x1B[38;5;241m.\x1B[39mwriter\x1B[38;5;241m.\x1B[39mwriterow(\x1B[38;5;28;43mself\x1B[39;49m\x1B[38;5;241;43m.\x1B[39;49m\x1B[43m_dict_to_list\x1B[49m\x1B[43m(\x1B[49m\x1B[43mrowdict\x1B[49m\x1B[43m)\x1B[49m)\n',
    'File \x1B[0;32m/usr/lib/python3.10/csv.py:149\x1B[0m, in \x1B[0;36mDictWriter._dict_to_list\x1B[0;34m(self, rowdict)\x1B[0m\n' +
      '\x1B[1;32m    147\x1B[0m     wrong_fields \x1B[38;5;241m=\x1B[39m rowdict\x1B[38;5;241m.\x1B[39mkeys() \x1B[38;5;241m-\x1B[39m \x1B[38;5;28mself\x1B[39m\x1B[38;5;241m.\x1B[39mfieldnames\n' +
      '\x1B[1;32m    148\x1B[0m     \x1B[38;5;28;01mif\x1B[39;00m wrong_fields:\n' +
      '\x1B[0;32m--> 149\x1B[0m         \x1B[38;5;28;01mraise\x1B[39;00m \x1B[38;5;167;01mValueError\x1B[39;00m(\x1B[38;5;124m"\x1B[39m\x1B[38;5;124mdict contains fields not in fieldnames: \x1B[39m\x1B[38;5;124m"\x1B[39m\n' +
      '\x1B[1;32m    150\x1B[0m                          \x1B[38;5;241m+\x1B[39m \x1B[38;5;124m"\x1B[39m\x1B[38;5;124m, \x1B[39m\x1B[38;5;124m"\x1B[39m\x1B[38;5;241m.\x1B[39mjoin([\x1B[38;5;28mrepr\x1B[39m(x) \x1B[38;5;28;01mfor\x1B[39;00m x \x1B[38;5;129;01min\x1B[39;00m wrong_fields]))\n' +
      '\x1B[1;32m    151\x1B[0m \x1B[38;5;28;01mreturn\x1B[39;00m (rowdict\x1B[38;5;241m.\x1B[39mget(key, \x1B[38;5;28mself\x1B[39m\x1B[38;5;241m.\x1B[39mrestval) \x1B[38;5;28;01mfor\x1B[39;00m key \x1B[38;5;129;01min\x1B[39;00m \x1B[38;5;28mself\x1B[39m\x1B[38;5;241m.\x1B[39mfieldnames)\n',
    "\x1B[0;31mValueError\x1B[0m: dict contains fields not in fieldnames: 'Preço', 'Estoque', 'Data Venda', 'Categoria'"
  ]
}
11:40:45.951 [warn] Cancel all remaining cells due to cancellation or failure in execution
11:46:45.697 [info] Ending debug session de4c992b-6e15-4ea4-af88-0d23624fc73b
11:46:45.698 [info] Ending debug session de4c992b-6e15-4ea4-af88-0d23624fc73b
14:24:46.320 [info] Dispose Kernel '~/Documents/dataPipeline/notebooks/exploracao.ipynb' associated with '~/Documents/dataPipeline/notebooks/exploracao.ipynb'
14:24:46.321 [info] Dispose Kernel '~/Documents/dataPipeline/notebooks/exploracao.ipynb' associated with '~/Documents/dataPipeline/notebooks/exploracao.ipynb'
