2025-11-06 10:56:54.745 [info] Native locator: Refresh started
2025-11-06 10:56:56.835 [info] Native locator: Refresh started
2025-11-06 10:56:57.055 [info] Native locator: Refresh started
2025-11-06 10:56:57.564 [info] > conda info --json
2025-11-06 10:56:57.575 [info] Skipping ActivatedEnv Detection:  process.env.VSCODE_CLI !== '1'
2025-11-06 10:56:57.576 [info] Skipping ActivatedEnv Detection:  process.env.VSCODE_CLI !== '1'
2025-11-06 10:56:59.925 [info] > C:\Users\jose roberto\AppData\Local\Microsoft\WindowsApps\python3.11.exe -c "import sys;print(sys.executable)"
2025-11-06 10:57:00.473 [error] Error: Command failed: C:\Users\jose roberto\AppData\Local\Microsoft\WindowsApps\python3.11.exe -c "import sys;print(sys.executable)"
/bin/sh: 1: C:Usersjose: not found

    at genericNodeError (node:internal/errors:983:15)
    at wrappedFn (node:internal/errors:537:14)
    at ChildProcess.exithandler (node:child_process:417:12)
    at ChildProcess.emit (node:events:531:35)
    at maybeClose (node:internal/child_process:1101:16)
    at Socket.<anonymous> (node:internal/child_process:456:11)
    at Socket.emit (node:events:519:28)
    at Pipe.<anonymous> (node:net:346:12) {
  code: 127,
  killed: false,
  signal: null,
  cmd: 'C:\\Users\\jose roberto\\AppData\\Local\\Microsoft\\WindowsApps\\python3.11.exe -c "import sys;print(sys.executable)"'
}
2025-11-06 10:57:06.503 [info] Native locator: Refresh finished in 13635 ms
2025-11-06 10:57:06.516 [info] > pyenv which python
2025-11-06 10:57:06.517 [info] cwd: .
2025-11-06 10:57:11.842 [info] Starting Pylance language server.
2025-11-06 10:57:19.117 [info] Native locator: Refresh started
2025-11-06 10:57:19.117 [info] Native locator: Refresh started
2025-11-06 10:57:27.627 [info] Active interpreter [/root/Documents/dataPipeline/notebooks/exploracao.ipynb]:  /bin/python3
2025-11-06 10:57:31.439 [info] Native locator: Refresh finished in 12334 ms
2025-11-06 11:18:52.284 [info] Native locator: Refresh started
2025-11-06 11:19:04.398 [info] Native locator: Refresh finished in 12120 ms
2025-11-06 11:42:48.885 [info] Discover tests for workspace name: root - uri: /root/Documents/dataPipeline/scripts/FusionEnterprise.py
2025-11-06 11:42:56.421 [info] Discover tests for workspace name: root - uri: /root/Documents/dataPipeline/scripts/FusionEnterprise.py
2025-11-06 11:43:02.496 [info] Discover tests for workspace name: root - uri: /root/Documents/dataPipeline/scripts/FusionEnterprise.py
2025-11-06 11:43:20.962 [info] Discover tests for workspace name: root - uri: /root/Documents/dataPipeline/scripts/FusionEnterprise.py
2025-11-06 11:43:38.163 [info] Native locator: Refresh started
2025-11-06 11:43:44.071 [info] Active interpreter [/root]:  /usr/bin/python3
2025-11-06 11:43:44.402 [info] Discover tests for workspace name: root - uri: /root
2025-11-06 11:43:44.403 [info] Python interpreter path: /usr/bin/python3
2025-11-06 11:43:58.945 [info] Native locator: Refresh finished in 20782 ms
2025-11-06 11:44:09.657 [info] Send text to terminal: /usr/bin/python3 /root/Documents/dataPipeline/scripts/FusionEnterprise.py
2025-11-06 11:44:34.073 [info] Discover tests for workspace name: root - uri: /root/Documents/dataPipeline/scripts/FusionEnterprise.py
2025-11-06 11:44:36.363 [info] > /usr/bin/python3 ./.vscode-server/extensions/ms-python.python-2025.16.0-linux-x64/python_files/normalizeSelection.py
2025-11-06 11:44:42.663 [info] > /usr/bin/python3 ./.vscode-server/extensions/ms-python.python-2025.16.0-linux-x64/python_files/normalizeSelection.py
2025-11-06 11:44:56.467 [info] Discover tests for workspace name: root - uri: /root/Documents/dataPipeline/scripts/FusionEnterprise.py
2025-11-06 11:44:56.724 [info] > /usr/bin/python3 ./.vscode-server/extensions/ms-python.python-2025.16.0-linux-x64/python_files/normalizeSelection.py
2025-11-06 11:45:06.458 [info] Discover tests for workspace name: root - uri: /root/Documents/dataPipeline/scripts/FusionEnterprise.py
2025-11-06 11:45:11.024 [info] Discover tests for workspace name: root - uri: /root/Documents/dataPipeline/scripts/FusionEnterprise.py
2025-11-06 11:46:14.822 [info] Send text to terminal:  /usr/bin/env /usr/bin/python3 /root/.vscode-server/extensions/ms-python.debugpy-2025.14.1-linux-x64/bundled/libs/debugpy/adapter/../../debugpy/launcher 53157 -- /root/Documents/dataPipeline/scripts/FusionEnterprise.py 
2025-11-06 11:49:44.949 [info] Discover tests for workspace name: root - uri: /root/Documents/dataPipeline/scripts/FusionEnterprise.py
2025-11-06 11:50:01.776 [info] Discover tests for workspace name: root - uri: /root/Documents/dataPipeline/scripts/FusionEnterprise.py
2025-11-06 11:50:35.656 [info] Discover tests for workspace name: root - uri: /root/Documents/dataPipeline/scripts/FusionEnterprise.py
2025-11-06 11:50:55.322 [info] Discover tests for workspace name: root - uri: /root/Documents/dataPipeline/scripts/FusionEnterprise.py
2025-11-06 11:50:56.325 [info] > /usr/bin/python3 ./.vscode-server/extensions/ms-python.python-2025.16.0-linux-x64/python_files/normalizeSelection.py
2025-11-06 11:51:25.529 [info] Discover tests for workspace name: root - uri: /root/Documents/dataPipeline/scripts/FusionEnterprise.py
2025-11-06 11:52:17.160 [info] Discover tests for workspace name: root - uri: /root/Documents/dataPipeline/scripts/FusionEnterprise.py
2025-11-06 11:52:22.057 [info] Discover tests for workspace name: root - uri: /root/Documents/dataPipeline/scripts/FusionEnterprise.py
2025-11-06 11:52:27.171 [info] Discover tests for workspace name: root - uri: /root/Documents/dataPipeline/scripts/FusionEnterprise.py
2025-11-06 11:52:33.045 [info] Discover tests for workspace name: root - uri: /root/Documents/dataPipeline/scripts/FusionEnterprise.py
2025-11-06 11:52:37.277 [info] Discover tests for workspace name: root - uri: /root/Documents/dataPipeline/scripts/FusionEnterprise.py
2025-11-06 11:52:49.629 [info] Discover tests for workspace name: root - uri: /root/Documents/dataPipeline/scripts/FusionEnterprise.py
2025-11-06 11:52:56.375 [info] Discover tests for workspace name: root - uri: /root/Documents/dataPipeline/scripts/FusionEnterprise.py
2025-11-06 11:53:00.073 [info] Discover tests for workspace name: root - uri: /root/Documents/dataPipeline/scripts/FusionEnterprise.py
2025-11-06 11:53:22.832 [info] Discover tests for workspace name: root - uri: /root/Documents/dataPipeline/scripts/FusionEnterprise.py
2025-11-06 11:53:29.644 [info] Discover tests for workspace name: root - uri: /root/Documents/dataPipeline/scripts/FusionEnterprise.py
2025-11-06 11:55:36.670 [info] Discover tests for workspace name: root - uri: /root/Documents/dataPipeline/scripts/FusionEnterprise.py
2025-11-06 11:57:41.141 [info] Discover tests for workspace name: root - uri: /root/Documents/dataPipeline/scripts/FusionEnterprise.py
2025-11-06 11:57:59.461 [info] Discover tests for workspace name: root - uri: /root/Documents/dataPipeline/scripts/FusionEnterprise.py
2025-11-06 11:58:04.366 [info] Discover tests for workspace name: root - uri: /root/Documents/dataPipeline/scripts/FusionEnterprise.py
2025-11-06 12:08:25.058 [info] Discover tests for workspace name: root - uri: /root/Documents/dataPipeline/scripts/FusionEnterprise.py
2025-11-06 12:09:07.833 [info] Discover tests for workspace name: root - uri: /root/Documents/dataPipeline/scripts/FusionEnterprise.py
2025-11-06 12:10:11.174 [info] Discover tests for workspace name: root - uri: /root/Documents/dataPipeline/scripts/FusionEnterprise.py
2025-11-06 12:10:18.414 [info] Discover tests for workspace name: root - uri: /root/Documents/dataPipeline/scripts/FusionEnterprise.py
2025-11-06 12:10:33.264 [info] Discover tests for workspace name: root - uri: /root/Documents/dataPipeline/scripts/FusionEnterprise.py
2025-11-06 12:10:57.964 [info] Discover tests for workspace name: root - uri: /root/Documents/dataPipeline/scripts/FusionEnterprise.py
2025-11-06 12:11:22.274 [info] Discover tests for workspace name: root - uri: /root/Documents/dataPipeline/scripts/FusionEnterprise.py
2025-11-06 14:00:35.359 [info] Discover tests for workspace name: root - uri: /root/Documents/dataPipeline/scripts/FusionEnterprise.py
2025-11-06 14:00:57.762 [info] Discover tests for workspace name: root - uri: /root/Documents/dataPipeline/scripts/FusionEnterprise.py
2025-11-06 14:01:08.802 [info] Discover tests for workspace name: root - uri: /root/Documents/dataPipeline/scripts/FusionEnterprise.py
2025-11-06 14:03:01.733 [info] Discover tests for workspace name: root - uri: /root/Documents/dataPipeline/scripts/FusionEnterprise.py
2025-11-06 14:03:39.128 [info] Discover tests for workspace name: root - uri: /root/Documents/dataPipeline/scripts/FusionEnterprise.py
2025-11-06 14:04:52.676 [info] Discover tests for workspace name: root - uri: /root/Documents/dataPipeline/scripts/FusionEnterprise.py
2025-11-06 14:05:33.471 [info] Discover tests for workspace name: root - uri: /root/Documents/dataPipeline/scripts/FusionEnterprise.py
2025-11-06 14:08:40.530 [info] Discover tests for workspace name: root - uri: /root/Documents/dataPipeline/scripts/FusionEnterprise.py
2025-11-06 14:08:59.091 [info] Discover tests for workspace name: root - uri: /root/Documents/dataPipeline/scripts/FusionEnterprise.py
2025-11-06 14:09:40.941 [info] Discover tests for workspace name: root - uri: /root/Documents/dataPipeline/scripts/FusionEnterprise.py
2025-11-06 14:10:03.915 [info] Discover tests for workspace name: root - uri: /root/Documents/dataPipeline/scripts/FusionEnterprise.py
2025-11-06 14:10:25.708 [info] Discover tests for workspace name: root - uri: /root/Documents/dataPipeline/scripts/FusionEnterprise.py
2025-11-06 14:11:24.598 [info] Discover tests for workspace name: root - uri: /root/Documents/dataPipeline/scripts/FusionEnterprise.py
2025-11-06 14:11:29.111 [info] Discover tests for workspace name: root - uri: /root/Documents/dataPipeline/scripts/FusionEnterprise.py
2025-11-06 14:12:58.085 [info] Discover tests for workspace name: root - uri: /root/Documents/dataPipeline/scripts/FusionEnterprise.py
2025-11-06 14:13:44.613 [info] Discover tests for workspace name: root - uri: /root/Documents/dataPipeline/scripts/FusionEnterprise.py
2025-11-06 14:17:19.736 [info] Discover tests for workspace name: root - uri: /root/Documents/dataPipeline/scripts/FusionEnterprise.py
2025-11-06 14:18:00.490 [info] Discover tests for workspace name: root - uri: /root/Documents/dataPipeline/scripts/FusionEnterprise.py
2025-11-06 14:19:35.837 [info] Discover tests for workspace name: root - uri: /root/Documents/dataPipeline/scripts/FusionEnterprise.py
2025-11-06 14:19:56.364 [info] Discover tests for workspace name: root - uri: /root/Documents/dataPipeline/scripts/FusionEnterprise.py
2025-11-06 14:19:59.550 [info] Discover tests for workspace name: root - uri: /root/Documents/dataPipeline/scripts/FusionEnterprise.py
2025-11-06 14:22:27.282 [info] Discover tests for workspace name: root - uri: /root/Documents/dataPipeline/scripts/FusionEnterprise.py
