2025-11-07 10:15:33.805 [info] Native locator: Refresh started
2025-11-07 10:15:40.797 [info] Skipping ActivatedEnv Detection:  process.env.VSCODE_CLI !== '1'
2025-11-07 10:15:41.083 [info] > conda info --json
2025-11-07 10:15:41.995 [info] > pyenv which python
2025-11-07 10:15:41.995 [info] cwd: .
2025-11-07 10:15:46.542 [info] Python interpreter path: /usr/bin/python3
2025-11-07 10:15:46.913 [info] Native locator: Refresh finished in 16814 ms
2025-11-07 10:15:50.652 [info] Starting Pylance language server.
2025-11-07 10:17:04.012 [info] Discover tests for workspace name: root - uri: /root/Documents/dataPipeline/scripts/dataProcessing.py
2025-11-07 10:17:09.081 [info] Discover tests for workspace name: root - uri: /root/Documents/dataPipeline/scripts/dataProcessing.py
2025-11-07 10:17:51.502 [info] Discover tests for workspace name: root - uri: /root/Documents/dataPipeline/scripts/dataProcessing.py
2025-11-07 10:18:02.223 [info] Discover tests for workspace name: root - uri: /root/Documents/dataPipeline/scripts/dataProcessing.py
2025-11-07 10:19:13.607 [info] Discover tests for workspace name: root - uri: /root/Documents/dataPipeline/scripts/dataProcessing.py
2025-11-07 10:19:34.925 [info] Discover tests for workspace name: root - uri: /root/Documents/dataPipeline/scripts/dataProcessing.py
2025-11-07 10:21:30.895 [info] Discover tests for workspace name: root - uri: /root/Documents/dataPipeline/scripts/dataProcessing.py
2025-11-07 10:23:25.347 [info] Discover tests for workspace name: root - uri: /root/Documents/dataPipeline/scripts/FusionEnterprise.py
2025-11-07 10:25:01.678 [info] Discover tests for workspace name: root - uri: /root/Documents/dataPipeline/scripts/FusionEnterprise.py
2025-11-07 10:25:18.166 [info] Discover tests for workspace name: root - uri: /root/Documents/dataPipeline/scripts/FusionEnterprise.py
2025-11-07 10:25:24.557 [info] Discover tests for workspace name: root - uri: /root/Documents/dataPipeline/scripts/FusionEnterprise.py
2025-11-07 10:25:32.960 [info] Discover tests for workspace name: root - uri: /root/Documents/dataPipeline/scripts/FusionEnterprise.py
2025-11-07 10:25:45.062 [info] Discover tests for workspace name: root - uri: /root/Documents/dataPipeline/scripts/FusionEnterprise.py
2025-11-07 10:25:55.576 [info] Discover tests for workspace name: root - uri: /root/Documents/dataPipeline/scripts/FusionEnterprise.py
2025-11-07 10:26:08.879 [info] Discover tests for workspace name: root - uri: /root/Documents/dataPipeline/scripts/FusionEnterprise.py
2025-11-07 10:26:10.689 [info] Send text to terminal: /usr/bin/python3 /root/Documents/dataPipeline/scripts/FusionEnterprise.py
2025-11-07 10:26:55.171 [info] Discover tests for workspace name: root - uri: /root/Documents/dataPipeline/scripts/FusionEnterprise.py
2025-11-07 10:27:05.332 [info] Discover tests for workspace name: root - uri: /root/Documents/dataPipeline/scripts/FusionEnterprise.py
2025-11-07 10:27:27.769 [info] Discover tests for workspace name: root - uri: /root/Documents/dataPipeline/scripts/FusionEnterprise.py
2025-11-07 10:28:00.826 [info] Discover tests for workspace name: root - uri: /root/Documents/dataPipeline/scripts/FusionEnterprise.py
2025-11-07 10:28:15.186 [info] Discover tests for workspace name: root - uri: /root/Documents/dataPipeline/scripts/FusionEnterprise.py
2025-11-07 10:40:45.404 [info] Discover tests for workspace name: root - uri: /root/Documents/dataPipeline/scripts/FusionEnterprise.py
2025-11-07 10:41:09.277 [info] Discover tests for workspace name: root - uri: /root/Documents/dataPipeline/scripts/dataProcessing.py
2025-11-07 10:41:35.766 [info] Discover tests for workspace name: root - uri: /root/Documents/dataPipeline/scripts/dataProcessing.py
2025-11-07 10:43:29.312 [info] Discover tests for workspace name: root - uri: /root/Documents/dataPipeline/scripts/dataProcessing.py
2025-11-07 10:44:17.194 [info] Discover tests for workspace name: root - uri: /root/Documents/dataPipeline/scripts/dataProcessing.py
2025-11-07 10:44:29.327 [info] Discover tests for workspace name: root - uri: /root/Documents/dataPipeline/scripts/dataProcessing.py
2025-11-07 10:44:36.269 [info] Discover tests for workspace name: root - uri: /root/Documents/dataPipeline/scripts/dataProcessing.py
2025-11-07 10:44:47.136 [info] Discover tests for workspace name: root - uri: /root/Documents/dataPipeline/scripts/dataProcessing.py
2025-11-07 10:45:47.917 [info] Discover tests for workspace name: root - uri: /root/Documents/dataPipeline/scripts/dataProcessing.py
2025-11-07 10:46:38.122 [info] Discover tests for workspace name: root - uri: /root/Documents/dataPipeline/scripts/dataProcessing.py
2025-11-07 10:47:18.191 [info] Discover tests for workspace name: root - uri: /root/Documents/dataPipeline/scripts/dataProcessing.py
2025-11-07 10:47:28.928 [info] Discover tests for workspace name: root - uri: /root/Documents/dataPipeline/scripts/FusionEnterprise.py
2025-11-07 10:47:46.605 [info] Discover tests for workspace name: root - uri: /root/Documents/dataPipeline/scripts/FusionEnterprise.py
2025-11-07 10:47:50.728 [info] Discover tests for workspace name: root - uri: /root/Documents/dataPipeline/scripts/FusionEnterprise.py
2025-11-07 10:49:07.520 [info] Discover tests for workspace name: root - uri: /root/Documents/dataPipeline/scripts/dataProcessing.py
2025-11-07 10:49:43.658 [info] Discover tests for workspace name: root - uri: /root/Documents/dataPipeline/scripts/dataProcessing.py
2025-11-07 10:49:57.913 [info] Discover tests for workspace name: root - uri: /root/Documents/dataPipeline/scripts/dataProcessing.py
2025-11-07 10:50:48.231 [info] Discover tests for workspace name: root - uri: /root/Documents/dataPipeline/scripts/FusionEnterprise.py
2025-11-07 10:52:07.931 [info] Discover tests for workspace name: root - uri: /root/Documents/dataPipeline/scripts/dataProcessing.py
2025-11-07 10:52:34.651 [info] Discover tests for workspace name: root - uri: /root/Documents/dataPipeline/scripts/FusionEnterprise.py
2025-11-07 10:52:42.477 [info] Discover tests for workspace name: root - uri: /root/Documents/dataPipeline/scripts/FusionEnterprise.py
2025-11-07 10:52:51.989 [info] Discover tests for workspace name: root - uri: /root/Documents/dataPipeline/scripts/FusionEnterprise.py
2025-11-07 10:53:40.530 [info] Discover tests for workspace name: root - uri: /root/Documents/dataPipeline/scripts/FusionEnterprise.py
2025-11-07 11:04:34.740 [info] Discover tests for workspace name: root - uri: /root/Documents/dataPipeline/scripts/dataProcessing.py
2025-11-07 11:04:49.375 [info] Discover tests for workspace name: root - uri: /root/Documents/dataPipeline/scripts/dataProcessing.py
2025-11-07 11:05:06.751 [info] Discover tests for workspace name: root - uri: /root/Documents/dataPipeline/scripts/FusionEnterprise.py
2025-11-07 11:05:43.278 [info] Discover tests for workspace name: root - uri: /root/Documents/dataPipeline/scripts/dataProcessing.py
2025-11-07 11:06:53.124 [info] Discover tests for workspace name: root - uri: /root/Documents/dataPipeline/scripts/FusionEnterprise.py
2025-11-07 11:06:55.629 [info] Discover tests for workspace name: root - uri: /root/Documents/dataPipeline/scripts/FusionEnterprise.py
2025-11-07 11:07:06.292 [info] Discover tests for workspace name: root - uri: /root/Documents/dataPipeline/scripts/dataProcessing.py
2025-11-07 11:07:56.672 [info] Send text to terminal: /usr/bin/python3 /root/Documents/dataPipeline/scripts/FusionEnterprise.py
2025-11-07 11:09:01.302 [info] Discover tests for workspace name: root - uri: /root/Documents/dataPipeline/scripts/FusionEnterprise.py
2025-11-07 11:12:50.455 [info] Discover tests for workspace name: root - uri: /root/Documents/dataPipeline/scripts/FusionEnterprise.py
2025-11-07 11:13:36.353 [info] Discover tests for workspace name: root - uri: /root/Documents/dataPipeline/scripts/dataProcessing.py
2025-11-07 11:13:43.287 [info] Discover tests for workspace name: root - uri: /root/Documents/dataPipeline/scripts/FusionEnterprise.py
2025-11-07 11:13:53.236 [info] Discover tests for workspace name: root - uri: /root/Documents/dataPipeline/scripts/dataProcessing.py
2025-11-07 11:14:25.041 [info] Discover tests for workspace name: root - uri: /root/Documents/dataPipeline/scripts/dataProcessing.py
2025-11-07 11:16:00.532 [info] Discover tests for workspace name: root - uri: /root/Documents/dataPipeline/scripts/dataProcessing.py
2025-11-07 11:16:30.707 [info] Discover tests for workspace name: root - uri: /root/Documents/dataPipeline/scripts/dataProcessing.py
2025-11-07 11:16:57.115 [info] Discover tests for workspace name: root - uri: /root/Documents/dataPipeline/scripts/FusionEnterprise.py
2025-11-07 11:17:07.420 [info] Discover tests for workspace name: root - uri: /root/Documents/dataPipeline/scripts/FusionEnterprise.py
2025-11-07 11:18:07.334 [info] Discover tests for workspace name: root - uri: /root/Documents/dataPipeline/scripts/FusionEnterprise.py
2025-11-07 11:18:43.175 [info] Discover tests for workspace name: root - uri: /root/Documents/dataPipeline/scripts/FusionEnterprise.py
2025-11-07 11:19:08.606 [info] Discover tests for workspace name: root - uri: /root/Documents/dataPipeline/scripts/FusionEnterprise.py
2025-11-07 11:19:31.844 [info] Discover tests for workspace name: root - uri: /root/Documents/dataPipeline/scripts/FusionEnterprise.py
2025-11-07 11:20:02.915 [info] Discover tests for workspace name: root - uri: /root/Documents/dataPipeline/scripts/FusionEnterprise.py
2025-11-07 11:20:11.818 [info] Discover tests for workspace name: root - uri: /root/Documents/dataPipeline/scripts/FusionEnterprise.py
2025-11-07 11:21:12.815 [info] Discover tests for workspace name: root - uri: /root/Documents/dataPipeline/scripts/FusionEnterprise.py
2025-11-07 11:22:54.814 [info] Discover tests for workspace name: root - uri: /root/Documents/dataPipeline/scripts/FusionEnterprise.py
2025-11-07 11:23:08.179 [info] Discover tests for workspace name: root - uri: /root/Documents/dataPipeline/scripts/dataProcessing.py
2025-11-07 11:23:32.949 [info] Discover tests for workspace name: root - uri: /root/Documents/dataPipeline/scripts/dataProcessing.py
2025-11-07 11:24:06.752 [info] Discover tests for workspace name: root - uri: /root/Documents/dataPipeline/scripts/dataProcessing.py
2025-11-07 11:24:44.458 [info] Discover tests for workspace name: root - uri: /root/Documents/dataPipeline/scripts/dataProcessing.py
2025-11-07 11:26:20.781 [info] Discover tests for workspace name: root - uri: /root/Documents/dataPipeline/scripts/dataProcessing.py
2025-11-07 11:27:12.209 [info] Discover tests for workspace name: root - uri: /root/Documents/dataPipeline/scripts/FusionEnterprise.py
2025-11-07 11:27:22.049 [info] Discover tests for workspace name: root - uri: /root/Documents/dataPipeline/scripts/dataProcessing.py
2025-11-07 11:28:05.804 [info] Discover tests for workspace name: root - uri: /root/Documents/dataPipeline/scripts/dataProcessing.py
2025-11-07 11:28:25.870 [info] Discover tests for workspace name: root - uri: /root/Documents/dataPipeline/scripts/dataProcessing.py
2025-11-07 11:28:52.885 [info] Discover tests for workspace name: root - uri: /root/Documents/dataPipeline/scripts/dataProcessing.py
2025-11-07 11:29:40.550 [info] Discover tests for workspace name: root - uri: /root/Documents/dataPipeline/scripts/FusionEnterprise.py
2025-11-07 11:30:00.323 [info] Discover tests for workspace name: root - uri: /root/Documents/dataPipeline/scripts/FusionEnterprise.py
2025-11-07 11:37:02.208 [info] Discover tests for workspace name: root - uri: /root/Documents/dataPipeline/scripts/FusionEnterprise.py
2025-11-07 11:37:14.633 [info] Discover tests for workspace name: root - uri: /root/Documents/dataPipeline/scripts/FusionEnterprise.py
2025-11-07 11:37:21.457 [info] Discover tests for workspace name: root - uri: /root/Documents/dataPipeline/scripts/FusionEnterprise.py
2025-11-07 11:38:30.962 [info] Discover tests for workspace name: root - uri: /root/Documents/dataPipeline/scripts/dataProcessing.py
2025-11-07 11:38:39.295 [info] Discover tests for workspace name: root - uri: /root/Documents/dataPipeline/scripts/dataProcessing.py
2025-11-07 11:38:58.329 [info] Discover tests for workspace name: root - uri: /root/Documents/dataPipeline/scripts/dataProcessing.py
2025-11-07 11:39:07.542 [info] Discover tests for workspace name: root - uri: /root/Documents/dataPipeline/scripts/dataProcessing.py
2025-11-07 11:39:11.030 [info] Discover tests for workspace name: root - uri: /root/Documents/dataPipeline/scripts/dataProcessing.py
2025-11-07 11:39:13.230 [info] Discover tests for workspace name: root - uri: /root/Documents/dataPipeline/scripts/dataProcessing.py
2025-11-07 11:39:34.613 [info] Discover tests for workspace name: root - uri: /root/Documents/dataPipeline/scripts/dataProcessing.py
2025-11-07 11:39:42.427 [info] Discover tests for workspace name: root - uri: /root/Documents/dataPipeline/scripts/dataProcessing.py
2025-11-07 11:40:01.819 [info] Discover tests for workspace name: root - uri: /root/Documents/dataPipeline/scripts/dataProcessing.py
2025-11-07 11:40:35.289 [info] Discover tests for workspace name: root - uri: /root/Documents/dataPipeline/scripts/dataProcessing.py
2025-11-07 11:40:58.660 [info] Discover tests for workspace name: root - uri: /root/Documents/dataPipeline/scripts/dataProcessing.py
2025-11-07 11:41:05.319 [info] Discover tests for workspace name: root - uri: /root/Documents/dataPipeline/scripts/dataProcessing.py
2025-11-07 11:41:11.659 [info] Discover tests for workspace name: root - uri: /root/Documents/dataPipeline/scripts/dataProcessing.py
2025-11-07 11:42:01.290 [info] Discover tests for workspace name: root - uri: /root/Documents/dataPipeline/scripts/dataProcessing.py
2025-11-07 11:42:24.308 [info] Discover tests for workspace name: root - uri: /root/Documents/dataPipeline/scripts/dataProcessing.py
2025-11-07 11:42:34.454 [info] Discover tests for workspace name: root - uri: /root/Documents/dataPipeline/scripts/dataProcessing.py
2025-11-07 11:42:45.478 [info] Discover tests for workspace name: root - uri: /root/Documents/dataPipeline/scripts/dataProcessing.py
2025-11-07 11:42:49.103 [info] Native locator: Refresh started
2025-11-07 11:43:09.158 [info] Native locator: Refresh finished in 20092 ms
2025-11-07 11:43:34.138 [info] Discover tests for workspace name: root - uri: /root/Documents/dataPipeline/scripts/FusionEnterprise.py
2025-11-07 11:43:42.339 [info] Discover tests for workspace name: root - uri: /root/Documents/dataPipeline/scripts/FusionEnterprise.py
2025-11-07 11:46:12.619 [info] Discover tests for workspace name: root - uri: /root/Documents/dataPipeline/scripts/dataProcessing.py
2025-11-07 11:46:25.253 [info] Discover tests for workspace name: root - uri: /root/Documents/dataPipeline/scripts/dataProcessing.py
2025-11-07 11:46:34.389 [info] Discover tests for workspace name: root - uri: /root/Documents/dataPipeline/scripts/dataProcessing.py
2025-11-07 11:47:07.538 [info] Discover tests for workspace name: root - uri: /root/Documents/dataPipeline/scripts/dataProcessing.py
2025-11-07 11:47:48.620 [info] Discover tests for workspace name: root - uri: /root/Documents/dataPipeline/scripts/dataProcessing.py
2025-11-07 11:48:02.196 [info] Discover tests for workspace name: root - uri: /root/Documents/dataPipeline/scripts/FusionEnterprise.py
2025-11-07 13:08:38.103 [info] Discover tests for workspace name: root - uri: /root/Documents/dataPipeline/scripts/dataProcessing.py
