2025-10-31 13:51:16.883 [info] [main] Log level: Info
2025-10-31 13:51:16.883 [info] [main] Validating found git in: "git"
2025-10-31 13:51:16.883 [info] [main] Using git "2.34.1" from "git"
2025-10-31 13:51:16.883 [info] [Model][doInitialScan] Initial repository scan started
2025-10-31 13:51:16.909 [info] > git rev-parse --show-toplevel [41ms]
2025-10-31 13:51:16.909 [info] fatal: not a git repository (or any of the parent directories): .git
2025-10-31 13:51:16.929 [info] > git rev-parse --show-toplevel [5ms]
2025-10-31 13:51:16.929 [info] fatal: not a git repository (or any of the parent directories): .git
2025-10-31 13:51:16.939 [info] > git rev-parse --show-toplevel [3ms]
2025-10-31 13:51:16.939 [info] fatal: not a git repository (or any of the parent directories): .git
2025-10-31 13:51:16.950 [info] > git rev-parse --show-toplevel [4ms]
2025-10-31 13:51:16.950 [info] fatal: not a git repository (or any of the parent directories): .git
2025-10-31 13:51:16.958 [info] > git rev-parse --show-toplevel [3ms]
2025-10-31 13:51:16.958 [info] fatal: not a git repository (or any of the parent directories): .git
2025-10-31 13:51:16.969 [info] > git rev-parse --show-toplevel [5ms]
2025-10-31 13:51:16.969 [info] fatal: not a git repository (or any of the parent directories): .git
2025-10-31 13:51:16.982 [info] [Model][doInitialScan] Initial repository scan completed - repositories (0), closed repositories (0), parent repositories (0), unsafe repositories (0)
2025-10-31 13:51:41.851 [info] > git rev-parse --show-toplevel [11ms]
2025-10-31 13:51:41.851 [info] fatal: not a git repository (or any of the parent directories): .git
2025-10-31 13:51:44.602 [info] > git rev-parse --show-toplevel [98ms]
2025-10-31 13:51:44.602 [info] fatal: not a git repository (or any of the parent directories): .git
