2025-11-02 21:17:46.645 [info] [main] Log level: Info
2025-11-02 21:17:46.645 [info] [main] Validating found git in: "git"
2025-11-02 21:17:46.645 [info] [main] Using git "2.34.1" from "git"
2025-11-02 21:17:46.645 [info] [Model][doInitialScan] Initial repository scan started
2025-11-02 21:17:46.645 [info] > git rev-parse --show-toplevel [2418ms]
2025-11-02 21:17:46.645 [info] fatal: not a git repository (or any of the parent directories): .git
2025-11-02 21:17:46.645 [info] > git rev-parse --show-toplevel [1938ms]
2025-11-02 21:17:46.645 [info] fatal: not a git repository (or any of the parent directories): .git
2025-11-02 21:17:46.697 [info] > git rev-parse --show-toplevel [37ms]
2025-11-02 21:17:46.697 [info] fatal: not a git repository (or any of the parent directories): .git
2025-11-02 21:17:46.834 [info] > git rev-parse --show-toplevel [123ms]
2025-11-02 21:17:46.834 [info] fatal: not a git repository (or any of the parent directories): .git
2025-11-02 21:17:46.858 [info] > git rev-parse --show-toplevel [10ms]
2025-11-02 21:17:46.859 [info] fatal: not a git repository (or any of the parent directories): .git
2025-11-02 21:17:46.881 [info] > git rev-parse --show-toplevel [10ms]
2025-11-02 21:17:46.881 [info] fatal: not a git repository (or any of the parent directories): .git
2025-11-02 21:17:46.887 [info] [Model][doInitialScan] Initial repository scan completed - repositories (0), closed repositories (0), parent repositories (0), unsafe repositories (0)
2025-11-02 21:17:47.830 [info] > git rev-parse --show-toplevel [62ms]
2025-11-02 21:17:47.830 [info] fatal: not a git repository (or any of the parent directories): .git
2025-11-02 21:17:49.572 [info] > git rev-parse --show-toplevel [405ms]
2025-11-02 21:17:49.572 [info] fatal: not a git repository (or any of the parent directories): .git
