2025-11-02 21:17:46.837 [info] Native locator: Refresh started
2025-11-02 21:17:47.206 [info] Skipping ActivatedEnv Detection:  process.env.VSCODE_CLI !== '1'
2025-11-02 21:17:47.207 [info] Skipping ActivatedEnv Detection:  process.env.VSCODE_CLI !== '1'
2025-11-02 21:17:47.373 [info] > conda info --json
2025-11-02 21:17:47.914 [info] > pyenv which python
2025-11-02 21:17:47.914 [info] cwd: .
2025-11-02 21:17:51.726 [info] > C:\Users\jose roberto\AppData\Local\Microsoft\WindowsApps\python3.11.exe -c "import sys;print(sys.executable)"
2025-11-02 21:17:52.064 [error] Error: Command failed: C:\Users\jose roberto\AppData\Local\Microsoft\WindowsApps\python3.11.exe -c "import sys;print(sys.executable)"
/bin/sh: 1: C:Usersjose: not found

    at genericNodeError (node:internal/errors:983:15)
    at wrappedFn (node:internal/errors:537:14)
    at ChildProcess.exithandler (node:child_process:417:12)
    at ChildProcess.emit (node:events:531:35)
    at maybeClose (node:internal/child_process:1101:16)
    at Socket.<anonymous> (node:internal/child_process:456:11)
    at Socket.emit (node:events:519:28)
    at Pipe.<anonymous> (node:net:346:12) {
  code: 127,
  killed: false,
  signal: null,
  cmd: 'C:\\Users\\jose roberto\\AppData\\Local\\Microsoft\\WindowsApps\\python3.11.exe -c "import sys;print(sys.executable)"'
}
2025-11-02 21:17:52.566 [info] > . ./venv/bin/activate && echo 'e8b39361-0157-4923-80e1-22d70d46dee6' && python ~/.vscode-server/extensions/ms-python.python-2025.16.0-linux-x64/python_files/printEnvVariables.py
2025-11-02 21:17:52.566 [info] shell: bash
2025-11-02 21:17:52.581 [info] > . ./venv/bin/activate && echo 'e8b39361-0157-4923-80e1-22d70d46dee6' && python ~/.vscode-server/extensions/ms-python.python-2025.16.0-linux-x64/python_files/printEnvVariables.py
2025-11-02 21:17:52.581 [info] shell: bash
2025-11-02 21:17:54.541 [info] Native locator: Refresh finished in 10947 ms
2025-11-02 21:17:56.726 [info] Starting Pylance language server.
