2025-11-01 14:36:01.373 [info] [main] Log level: Info
2025-11-01 14:36:01.373 [info] [main] Validating found git in: "git"
2025-11-01 14:36:01.374 [info] [main] Using git "2.34.1" from "git"
2025-11-01 14:36:01.374 [info] [Model][doInitialScan] Initial repository scan started
2025-11-01 14:36:01.375 [info] > git rev-parse --show-toplevel [31ms]
2025-11-01 14:36:01.375 [info] fatal: not a git repository (or any of the parent directories): .git
2025-11-01 14:36:01.375 [info] > git rev-parse --show-toplevel [5ms]
2025-11-01 14:36:01.375 [info] fatal: not a git repository (or any of the parent directories): .git
2025-11-01 14:36:01.397 [info] > git rev-parse --show-toplevel [8ms]
2025-11-01 14:36:01.397 [info] fatal: not a git repository (or any of the parent directories): .git
2025-11-01 14:36:01.432 [info] > git rev-parse --show-toplevel [12ms]
2025-11-01 14:36:01.433 [info] fatal: not a git repository (or any of the parent directories): .git
2025-11-01 14:36:01.464 [info] > git rev-parse --show-toplevel [7ms]
2025-11-01 14:36:01.464 [info] fatal: not a git repository (or any of the parent directories): .git
2025-11-01 14:36:01.503 [info] > git rev-parse --show-toplevel [12ms]
2025-11-01 14:36:01.504 [info] fatal: not a git repository (or any of the parent directories): .git
2025-11-01 14:36:01.553 [info] [Model][doInitialScan] Initial repository scan completed - repositories (0), closed repositories (0), parent repositories (0), unsafe repositories (0)
2025-11-01 14:36:01.775 [info] > git rev-parse --show-toplevel [5ms]
2025-11-01 14:36:01.775 [info] fatal: not a git repository (or any of the parent directories): .git
2025-11-01 14:36:53.200 [info] > git rev-parse --show-toplevel [185ms]
2025-11-01 14:36:53.200 [info] fatal: not a git repository (or any of the parent directories): .git
2025-11-01 14:36:59.857 [info] > git rev-parse --show-toplevel [855ms]
2025-11-01 14:36:59.857 [info] fatal: not a git repository (or any of the parent directories): .git
2025-11-01 15:07:34.459 [info] > git rev-parse --show-toplevel [417ms]
2025-11-01 15:07:34.468 [info] fatal: not a git repository (or any of the parent directories): .git
2025-11-01 15:16:01.299 [info] > git rev-parse --show-toplevel [53ms]
2025-11-01 15:16:01.300 [info] fatal: not a git repository (or any of the parent directories): .git
