2025-10-31 13:51:40.865 [info] Native locator: Refresh started
2025-10-31 13:51:41.322 [info] Skipping ActivatedEnv Detection:  process.env.VSCODE_CLI !== '1'
2025-10-31 13:51:41.323 [info] Skipping ActivatedEnv Detection:  process.env.VSCODE_CLI !== '1'
2025-10-31 13:51:41.502 [info] > conda info --json
2025-10-31 13:51:41.868 [info] > pyenv which python
2025-10-31 13:51:41.868 [info] cwd: .
2025-10-31 13:51:44.932 [info] > C:\Users\jose roberto\AppData\Local\Microsoft\WindowsApps\python3.11.exe -c "import sys;print(sys.executable)"
2025-10-31 13:51:45.277 [error] Error: Command failed: C:\Users\jose roberto\AppData\Local\Microsoft\WindowsApps\python3.11.exe -c "import sys;print(sys.executable)"
/bin/sh: 1: C:Usersjose: not found

    at genericNodeError (node:internal/errors:983:15)
    at wrappedFn (node:internal/errors:537:14)
    at ChildProcess.exithandler (node:child_process:417:12)
    at ChildProcess.emit (node:events:531:35)
    at maybeClose (node:internal/child_process:1101:16)
    at Socket.<anonymous> (node:internal/child_process:456:11)
    at Socket.emit (node:events:519:28)
    at Pipe.<anonymous> (node:net:346:12) {
  code: 127,
  killed: false,
  signal: null,
  cmd: 'C:\\Users\\jose roberto\\AppData\\Local\\Microsoft\\WindowsApps\\python3.11.exe -c "import sys;print(sys.executable)"'
}
2025-10-31 13:51:48.712 [info] > . ./venv/bin/activate && echo 'e8b39361-0157-4923-80e1-22d70d46dee6' && python ~/.vscode-server/extensions/ms-python.python-2025.16.0-linux-x64/python_files/printEnvVariables.py
2025-10-31 13:51:48.713 [info] shell: bash
2025-10-31 13:51:48.748 [info] > . ./venv/bin/activate && echo 'e8b39361-0157-4923-80e1-22d70d46dee6' && python ~/.vscode-server/extensions/ms-python.python-2025.16.0-linux-x64/python_files/printEnvVariables.py
2025-10-31 13:51:48.748 [info] shell: bash
2025-10-31 13:51:53.229 [info] Starting Pylance language server.
2025-10-31 13:51:54.227 [info] Native locator: Refresh finished in 18479 ms
