2025-11-01 14:36:46.465 [info] Native locator: Refresh started
2025-11-01 14:36:51.066 [info] Skipping ActivatedEnv Detection:  process.env.VSCODE_CLI !== '1'
2025-11-01 14:36:51.070 [info] Skipping ActivatedEnv Detection:  process.env.VSCODE_CLI !== '1'
2025-11-01 14:36:51.800 [info] > conda info --json
2025-11-01 14:36:53.231 [info] > pyenv which python
2025-11-01 14:36:53.232 [info] cwd: .
2025-11-01 14:37:02.796 [info] > C:\Users\jose roberto\AppData\Local\Microsoft\WindowsApps\python3.11.exe -c "import sys;print(sys.executable)"
2025-11-01 14:37:03.213 [error] Error: Command failed: C:\Users\jose roberto\AppData\Local\Microsoft\WindowsApps\python3.11.exe -c "import sys;print(sys.executable)"
/bin/sh: 1: C:Usersjose: not found

    at genericNodeError (node:internal/errors:983:15)
    at wrappedFn (node:internal/errors:537:14)
    at ChildProcess.exithandler (node:child_process:417:12)
    at ChildProcess.emit (node:events:531:35)
    at maybeClose (node:internal/child_process:1101:16)
    at Process.ChildProcess._handle.onexit (node:internal/child_process:304:5) {
  code: 127,
  killed: false,
  signal: null,
  cmd: 'C:\\Users\\jose roberto\\AppData\\Local\\Microsoft\\WindowsApps\\python3.11.exe -c "import sys;print(sys.executable)"'
}
2025-11-01 14:37:04.439 [info] > . ./venv/bin/activate && echo 'e8b39361-0157-4923-80e1-22d70d46dee6' && python ~/.vscode-server/extensions/ms-python.python-2025.16.0-linux-x64/python_files/printEnvVariables.py
2025-11-01 14:37:04.439 [info] shell: bash
2025-11-01 14:37:04.478 [info] > . ./venv/bin/activate && echo 'e8b39361-0157-4923-80e1-22d70d46dee6' && python ~/.vscode-server/extensions/ms-python.python-2025.16.0-linux-x64/python_files/printEnvVariables.py
2025-11-01 14:37:04.479 [info] shell: bash
2025-11-01 14:37:06.983 [info] Native locator: Refresh finished in 31802 ms
2025-11-01 14:37:10.633 [info] Starting Pylance language server.
2025-11-01 15:16:16.104 [info] Native locator: Refresh started
2025-11-01 15:16:54.077 [info] Native locator: Refresh finished in 37982 ms
