2025-10-30 14:34:35.958 [info] Native locator: Refresh started
2025-10-30 14:34:36.125 [info] Native locator: Refresh started
2025-10-30 14:34:36.126 [info] Native locator: Refresh started
2025-10-30 14:34:37.941 [info] Skipping ActivatedEnv Detection:  process.env.VSCODE_CLI !== '1'
2025-10-30 14:34:37.942 [info] Skipping ActivatedEnv Detection:  process.env.VSCODE_CLI !== '1'
2025-10-30 14:34:38.297 [info] > C:\Users\jose roberto\AppData\Local\Microsoft\WindowsApps\python3.11.exe -c "import sys;print(sys.executable)"
2025-10-30 14:34:38.481 [error] Error: Command failed: C:\Users\jose roberto\AppData\Local\Microsoft\WindowsApps\python3.11.exe -c "import sys;print(sys.executable)"
/bin/sh: 1: C:Usersjose: not found

    at genericNodeError (node:internal/errors:983:15)
    at wrappedFn (node:internal/errors:537:14)
    at ChildProcess.exithandler (node:child_process:417:12)
    at ChildProcess.emit (node:events:531:35)
    at maybeClose (node:internal/child_process:1101:16)
    at Socket.<anonymous> (node:internal/child_process:456:11)
    at Socket.emit (node:events:519:28)
    at Pipe.<anonymous> (node:net:346:12) {
  code: 127,
  killed: false,
  signal: null,
  cmd: 'C:\\Users\\jose roberto\\AppData\\Local\\Microsoft\\WindowsApps\\python3.11.exe -c "import sys;print(sys.executable)"'
}
2025-10-30 14:34:38.878 [info] > conda info --json
2025-10-30 14:34:44.885 [info] Native locator: Refresh finished in 9343 ms
2025-10-30 14:34:44.897 [info] > pyenv which python
2025-10-30 14:34:44.897 [info] cwd: .
2025-10-30 14:34:49.737 [info] Starting Pylance language server.
2025-10-30 14:35:29.193 [info] Native locator: Refresh started
2025-10-30 14:35:38.036 [info] Native locator: Refresh finished in 8842 ms
2025-10-30 14:38:47.299 [info] Native locator: Refresh started
2025-10-30 14:38:47.299 [info] Native locator: Refresh started
2025-10-30 14:38:49.168 [info] > . ./venv/bin/activate && echo 'e8b39361-0157-4923-80e1-22d70d46dee6' && python ~/.vscode-server/extensions/ms-python.python-2025.16.0-linux-x64/python_files/printEnvVariables.py
2025-10-30 14:38:49.168 [info] shell: bash
2025-10-30 14:38:49.952 [info] > . ./venv/bin/activate && echo 'e8b39361-0157-4923-80e1-22d70d46dee6' && python ~/.vscode-server/extensions/ms-python.python-2025.16.0-linux-x64/python_files/printEnvVariables.py
2025-10-30 14:38:49.952 [info] shell: bash
2025-10-30 14:38:57.583 [info] Native locator: Refresh finished in 10290 ms
2025-10-30 17:01:23.062 [info] > pyenv which python
2025-10-30 17:01:23.063 [info] cwd: .
2025-10-30 17:01:23.561 [info] Python interpreter path: ~/Documents/dataPipeline/venv/bin/python
