Visual Studio Code (1.105.1, wsl, desktop)
Jupyter Extension Version: 2025.9.1.
Python Extension Version: 2025.16.0.
Python Environment Extension Version: 1.10.0.
Pylance Extension Version: 2025.9.1.
Platform: linux (x64).
Home = /root
Temp Storage folder ~/.vscode-server/data/User/globalStorage/ms-toolsai.jupyter/version-2025.9.1
Workspace folder /root
18:20:33.778 [info] Starting Kernel (Python Path: /bin/python3, Unknown, 3.10.12) for '~/Documents/dataPipeline/notebooks/exploracao.ipynb' (disableUI=true)
18:20:34.929 [warn] Failed to get activated env vars for /bin/python3 in 291ms
18:20:34.951 [warn] Failed to get activated env vars for /bin/python3 in 312ms
18:20:34.984 [info] Process Execution: /bin/python3 -c "import site;print("USER_BASE_VALUE");print(site.USER_BASE);print("USER_BASE_VALUE");"
18:20:35.107 [info] Process Execution: /bin/python3 -m pip list
18:20:35.127 [info] Process Execution: /bin/python3 -c "import ipykernel; print(ipykernel.__version__); print("5dc3a68c-e34e-4080-9c3e-2a532b2ccb4d"); print(ipykernel.__file__)"
18:20:35.166 [info] Process Execution: /bin/python3 -m ipykernel_launcher --f=/run/user/0/jupyter/runtime/kernel-v39a4ab2ab7df9435cf1d63727d6e6ba6025f78c5f.json
    > cwd: ~/Documents/dataPipeline/notebooks
18:20:39.772 [info] Kernel successfully started
18:20:39.857 [info] Process Execution: /bin/python3 ~/.vscode-server/extensions/ms-toolsai.jupyter-2025.9.1-linux-x64/pythonFiles/printJupyterDataDir.py
02:31:43.875 [info] Dispose Kernel '~/Documents/dataPipeline/notebooks/exploracao.ipynb' associated with '~/Documents/dataPipeline/notebooks/exploracao.ipynb'
