Visual Studio Code (1.105.1, wsl, desktop)
Jupyter Extension Version: 2025.9.1.
Python Extension Version: 2025.16.0.
Python Environment Extension Version: 1.10.0.
Pylance Extension Version: 2025.9.1.
Platform: linux (x64).
Home = /root
Temp Storage folder ~/.vscode-server/data/User/globalStorage/ms-toolsai.jupyter/version-2025.9.1
Workspace folder /root
18:03:43.031 [info] Starting Kernel (Python Path: /bin/python3, Unknown, 3.10.12) for '~/Documents/dataPipeline/notebooks/exploracao.ipynb' (disableUI=true)
18:03:45.674 [warn] Failed to get activated env vars for /bin/python3 in 2410ms
18:03:45.694 [warn] Failed to get activated env vars for /bin/python3 in 2430ms
18:03:45.732 [info] Process Execution: /bin/python3 -c "import site;print("USER_BASE_VALUE");print(site.USER_BASE);print("USER_BASE_VALUE");"
18:03:45.894 [info] Process Execution: /bin/python3 -m pip list
18:03:45.921 [info] Process Execution: /bin/python3 -c "import ipykernel; print(ipykernel.__version__); print("5dc3a68c-e34e-4080-9c3e-2a532b2ccb4d"); print(ipykernel.__file__)"
18:03:45.951 [info] Process Execution: /bin/python3 -m ipykernel_launcher --f=/run/user/0/jupyter/runtime/kernel-v33356845d4f0cbe8a8742f7b4411070f9958ae80d.json
    > cwd: ~/Documents/dataPipeline/notebooks
18:03:50.389 [info] Kernel successfully started
18:03:50.426 [info] Process Execution: /bin/python3 ~/.vscode-server/extensions/ms-toolsai.jupyter-2025.9.1-linux-x64/pythonFiles/printJupyterDataDir.py
02:08:05.249 [info] Dispose Kernel '~/Documents/dataPipeline/notebooks/exploracao.ipynb' associated with '~/Documents/dataPipeline/notebooks/exploracao.ipynb'
