2025-10-30 14:34:05.457 [info] [main] Log level: Info
2025-10-30 14:34:05.457 [info] [main] Validating found git in: "git"
2025-10-30 14:34:05.457 [info] [main] Using git "2.34.1" from "git"
2025-10-30 14:34:05.457 [info] [Model][doInitialScan] Initial repository scan started
2025-10-30 14:34:05.457 [info] > git rev-parse --show-toplevel [569ms]
2025-10-30 14:34:05.457 [info] fatal: not a git repository (or any of the parent directories): .git
2025-10-30 14:34:05.843 [info] > git rev-parse --show-toplevel [399ms]
2025-10-30 14:34:05.843 [info] fatal: not a git repository (or any of the parent directories): .git
2025-10-30 14:34:05.887 [info] > git rev-parse --show-toplevel [27ms]
2025-10-30 14:34:05.887 [info] fatal: not a git repository (or any of the parent directories): .git
2025-10-30 14:34:05.927 [info] > git rev-parse --show-toplevel [18ms]
2025-10-30 14:34:05.927 [info] fatal: not a git repository (or any of the parent directories): .git
2025-10-30 14:34:05.943 [info] > git rev-parse --show-toplevel [4ms]
2025-10-30 14:34:05.943 [info] fatal: not a git repository (or any of the parent directories): .git
2025-10-30 14:34:06.075 [info] > git rev-parse --show-toplevel [121ms]
2025-10-30 14:34:06.076 [info] fatal: not a git repository (or any of the parent directories): .git
2025-10-30 14:34:06.084 [info] [Model][doInitialScan] Initial repository scan completed - repositories (0), closed repositories (0), parent repositories (0), unsafe repositories (0)
2025-10-30 14:34:21.941 [info] > git rev-parse --show-toplevel [20ms]
2025-10-30 14:34:21.941 [info] fatal: not a git repository (or any of the parent directories): .git
2025-10-30 14:34:38.131 [info] > git rev-parse --show-toplevel [4ms]
2025-10-30 14:34:38.131 [info] fatal: not a git repository (or any of the parent directories): .git
2025-10-30 14:34:39.684 [info] > git rev-parse --show-toplevel [3ms]
2025-10-30 14:34:39.684 [info] fatal: not a git repository (or any of the parent directories): .git
2025-10-30 14:39:13.240 [info] > git rev-parse --show-toplevel [16ms]
2025-10-30 14:39:13.241 [info] fatal: not a git repository (or any of the parent directories): .git
2025-10-30 14:39:13.259 [info] > git rev-parse --show-toplevel [2ms]
2025-10-30 14:39:13.259 [info] fatal: not a git repository (or any of the parent directories): .git
2025-10-30 14:41:40.926 [info] > git rev-parse --show-toplevel [12ms]
2025-10-30 14:41:40.926 [info] fatal: not a git repository (or any of the parent directories): .git
2025-10-30 14:45:25.520 [info] > git rev-parse --show-toplevel [6ms]
2025-10-30 14:45:25.520 [info] fatal: not a git repository (or any of the parent directories): .git
2025-10-30 14:45:33.526 [info] > git rev-parse --show-toplevel [4ms]
2025-10-30 14:45:33.526 [info] fatal: not a git repository (or any of the parent directories): .git
2025-10-30 14:45:49.585 [info] > git rev-parse --show-toplevel [27ms]
2025-10-30 14:45:49.585 [info] fatal: not a git repository (or any of the parent directories): .git
2025-10-30 16:57:01.960 [info] > git rev-parse --show-toplevel [46ms]
2025-10-30 16:57:01.962 [info] fatal: not a git repository (or any of the parent directories): .git
2025-10-30 17:01:07.994 [info] > git rev-parse --show-toplevel [17ms]
2025-10-30 17:01:07.995 [info] fatal: not a git repository (or any of the parent directories): .git
2025-10-30 17:01:21.315 [info] > git rev-parse --show-toplevel [4ms]
2025-10-30 17:01:21.315 [info] fatal: not a git repository (or any of the parent directories): .git
2025-10-30 17:01:22.578 [info] > git rev-parse --show-toplevel [3ms]
2025-10-30 17:01:22.578 [info] fatal: not a git repository (or any of the parent directories): .git
2025-10-30 17:01:24.564 [info] > git rev-parse --show-toplevel [3ms]
2025-10-30 17:01:24.564 [info] fatal: not a git repository (or any of the parent directories): .git
